* using log directory 'c:/Users/user/Dropbox/SYBproject/Packages/FAOSYB/FAOSYB.Rcheck'
* using R version 2.15.2 (2012-10-26)
* using platform: x86_64-w64-mingw32 (64-bit)
* using session charset: ISO8859-1
* checking for file 'FAOSYB/DESCRIPTION' ... OK
* checking extension type ... Package
* this is package 'FAOSYB' version '1.0'
* checking CRAN incoming feasibility ... NOTE
Maintainer: 'Michael C. J. Kao <michael.kao@fao.org>'
New submission
* checking package namespace information ... OK
* checking package dependencies ... OK
* checking if this is a source package ... OK
* checking if there is a namespace ... OK
* checking for executable files ... OK
* checking for hidden files and directories ... OK
* checking whether package 'FAOSYB' can be installed ... WARNING
Found the following significant warnings:
  Warning: package 'e1071' was built under R version 2.15.3
See 'c:/Users/user/Dropbox/SYBproject/Packages/FAOSYB/FAOSYB.Rcheck/00install.out' for details.
* checking installed package size ... OK
* checking package directory ... OK
* checking for portable file names ... OK
* checking DESCRIPTION meta-information ... OK
* checking top-level files ... OK
* checking for left-over files ... OK
* checking index information ... OK
* checking package subdirectories ... OK
* checking R files for non-ASCII characters ... OK
* checking R files for syntax errors ... OK
* checking whether the package can be loaded ... OK
* checking whether the package can be loaded with stated dependencies ... OK
* checking whether the package can be unloaded cleanly ... OK
* checking whether the namespace can be loaded with stated dependencies ... OK
* checking whether the namespace can be unloaded cleanly ... OK
* checking loading without being on the library search path ... OK
* checking for unstated dependencies in R code ... OK
* checking S3 generic/method consistency ... OK
* checking replacement functions ... OK
* checking foreign function calls ... OK
* checking R code for possible problems ... NOTE
plot_map: no visible binding for global variable 'long'
plot_map: no visible binding for global variable 'lat'
plot_map: no visible binding for global variable 'group'
plot_map: no visible binding for global variable 'fillColor'
* checking Rd files ... OK
* checking Rd metadata ... OK
* checking Rd cross-references ... OK
* checking for missing documentation entries ... OK
* checking for code/documentation mismatches ... OK
* checking Rd \usage sections ... WARNING
Undocumented arguments in documentation object 'map_breaks'
  'value' 'n' 'style'

Undocumented arguments in documentation object 'plot_colors'
  'n'

Undocumented arguments in documentation object 'plot_data'
  'x' 'y' 'group' 'subset' 'type' 'data' 'scale' 'nCnty' 'env'

Undocumented arguments in documentation object 'plot_dictionary'
  'x' 'y' 'group' 'type' 'data' 'x_lab' 'y_lab' 'legend_lab'
  'col_pallete'

Undocumented arguments in documentation object 'plot_map'
  'shpFile' 'var' 'data' 'countryCode' 'n' 'style' 'manualBreaks' 'col'
  'missCol' 'missLabel' 'subset' 'scale' 'shpProj' 'outProj'

Undocumented arguments in documentation object 'plot_syb'
  'subset' 'scale' 'col_pallete' 'nCnty'

Undocumented arguments in documentation object 'theme_syb'
  'part'

Functions with \usage entries need to have the appropriate \alias
entries, and all their arguments documented.
The \usage entries must correspond to syntactically valid R code.
See the chapter 'Writing R documentation files' in the 'Writing R
Extensions' manual.
* checking Rd contents ... WARNING
Argument items with no description in Rd object 'plot_syb':
  'x' 'y' 'data' 'group' 'type' 'x_lab' 'y_lab' 'legend_lab'

* checking for unstated dependencies in examples ... OK
* checking contents of 'data' directory ... OK
* checking data for non-ASCII characters ... WARNING
  Warning: found non-ASCII string(s)
  'Ctte d'Ivoire' in object 'GAULspatialPolygon'
  'Riunion' in object 'GAULspatialPolygon'
* checking data for ASCII and uncompressed saves ... WARNING
  
  Note: significantly better compression could be obtained
        by using R CMD build --resave-data
                           old_size new_size compress
  GAULspatialPolygon.RData    796Kb    591Kb       xz
 WARNING
'qpdf' is needed for checks on size reduction of PDFs
* checking installed files from 'inst/doc' ... OK
* checking examples ... NONE
* checking for unstated dependencies in vignettes ... OK
* checking package vignettes in 'inst/doc' ... OK
* checking running R code from vignettes ... OK
* checking re-building of vignette PDFs ... OK
* checking PDF version of manual ... OK
WARNING: There were 6 warnings.
NOTE: There were 2 notes.
See
  'c:/Users/user/Dropbox/SYBproject/Packages/FAOSYB/FAOSYB.Rcheck/00check.log'
for details.
